# JRE version: OpenJDK Runtime Environment (8.0_152-b02) (build 1.8.0_152-release-1024-b02)
# Java VM: OpenJDK 64-Bit Server VM (25.152-b02 mixed mode windows-amd64 compressed oops)
Heap:
 PSYoungGen      total 196096K, used 143612K [0x00000000e0000000, 0x00000000f1f80000, 0x0000000100000000)
  eden space 174592K, 81% used [0x00000000e0000000,0x00000000e8af5e80,0x00000000eaa80000)
  from space 21504K, 6% used [0x00000000eaa80000,0x00000000eabc91e0,0x00000000ebf80000)
  to   space 21504K, 0% used [0x00000000f0a80000,0x00000000f0a80000,0x00000000f1f80000)
 ParOldGen       total 101376K, used 37806K [0x00000000a0000000, 0x00000000a6300000, 0x00000000e0000000)
  object space 101376K, 37% used [0x00000000a0000000,0x00000000a24eb9c8,0x00000000a6300000)
 Metaspace       used 61468K, capacity 63570K, committed 63704K, reserved 1103872K
  class space    used 8154K, capacity 8608K, committed 8704K, reserved 1048576K
GC Heap History (10 events):
Event: 34.759 GC heap before
{Heap before GC invocations=14 (full 2):
 PSYoungGen      total 136192K, used 133539K [0x00000000e0000000, 0x00000000eb100000, 0x0000000100000000)
  eden space 122368K, 100% used [0x00000000e0000000,0x00000000e7780000,0x00000000e7780000)
  from space 13824K, 80% used [0x00000000e7780000,0x00000000e8268dc0,0x00000000e8500000)
  to   space 14848K, 0% used [0x00000000ea280000,0x00000000ea280000,0x00000000eb100000)
 ParOldGen       total 64000K, used 28951K [0x00000000a0000000, 0x00000000a3e80000, 0x00000000e0000000)
  object space 64000K, 45% used [0x00000000a0000000,0x00000000a1c45e00,0x00000000a3e80000)
 Metaspace       used 54826K, capacity 56488K, committed 56792K, reserved 1097728K
  class space    used 7459K, capacity 7853K, committed 7936K, reserved 1048576K
Event: 34.799 GC heap after
Heap after GC invocations=14 (full 2):
 PSYoungGen      total 161792K, used 14821K [0x00000000e0000000, 0x00000000eb800000, 0x0000000100000000)
  eden space 146944K, 0% used [0x00000000e0000000,0x00000000e0000000,0x00000000e8f80000)
  from space 14848K, 99% used [0x00000000ea280000,0x00000000eb0f9500,0x00000000eb100000)
  to   space 19456K, 0% used [0x00000000e8f80000,0x00000000e8f80000,0x00000000ea280000)
 ParOldGen       total 64000K, used 36163K [0x00000000a0000000, 0x00000000a3e80000, 0x00000000e0000000)
  object space 64000K, 56% used [0x00000000a0000000,0x00000000a2350c98,0x00000000a3e80000)
 Metaspace       used 54826K, capacity 56488K, committed 56792K, reserved 1097728K
  class space    used 7459K, capacity 7853K, committed 7936K, reserved 1048576K
}
Event: 67.454 GC heap before
{Heap before GC invocations=15 (full 2):
 PSYoungGen      total 161792K, used 109212K [0x00000000e0000000, 0x00000000eb800000, 0x0000000100000000)
  eden space 146944K, 64% used [0x00000000e0000000,0x00000000e5c2dd90,0x00000000e8f80000)
  from space 14848K, 99% used [0x00000000ea280000,0x00000000eb0f9500,0x00000000eb100000)
  to   space 19456K, 0% used [0x00000000e8f80000,0x00000000e8f80000,0x00000000ea280000)
 ParOldGen       total 64000K, used 36163K [0x00000000a0000000, 0x00000000a3e80000, 0x00000000e0000000)
  object space 64000K, 56% used [0x00000000a0000000,0x00000000a2350c98,0x00000000a3e80000)
 Metaspace       used 57220K, capacity 58954K, committed 59028K, reserved 1099776K
  class space    used 7711K, capacity 8134K, committed 8192K, reserved 1048576K
Event: 67.495 GC heap after
Heap after GC invocations=15 (full 2):
 PSYoungGen      total 166400K, used 16282K [0x00000000e0000000, 0x00000000ed480000, 0x0000000100000000)
  eden space 146944K, 0% used [0x00000000e0000000,0x00000000e0000000,0x00000000e8f80000)
  from space 19456K, 83% used [0x00000000e8f80000,0x00000000e9f66b08,0x00000000ea280000)
  to   space 21504K, 0% used [0x00000000ebf80000,0x00000000ebf80000,0x00000000ed480000)
 ParOldGen       total 64000K, used 39235K [0x00000000a0000000, 0x00000000a3e80000, 0x00000000e0000000)
  object space 64000K, 61% used [0x00000000a0000000,0x00000000a2650fa8,0x00000000a3e80000)
 Metaspace       used 57220K, capacity 58954K, committed 59028K, reserved 1099776K
  class space    used 7711K, capacity 8134K, committed 8192K, reserved 1048576K
}
Event: 67.495 GC heap before
{Heap before GC invocations=16 (full 3):
 PSYoungGen      total 166400K, used 16282K [0x00000000e0000000, 0x00000000ed480000, 0x0000000100000000)
  eden space 146944K, 0% used [0x00000000e0000000,0x00000000e0000000,0x00000000e8f80000)
  from space 19456K, 83% used [0x00000000e8f80000,0x00000000e9f66b08,0x00000000ea280000)
  to   space 21504K, 0% used [0x00000000ebf80000,0x00000000ebf80000,0x00000000ed480000)
 ParOldGen       total 64000K, used 39235K [0x00000000a0000000, 0x00000000a3e80000, 0x00000000e0000000)
  object space 64000K, 61% used [0x00000000a0000000,0x00000000a2650fa8,0x00000000a3e80000)
 Metaspace       used 57220K, capacity 58954K, committed 59028K, reserved 1099776K
  class space    used 7711K, capacity 8134K, committed 8192K, reserved 1048576K
Event: 67.761 GC heap after
Heap after GC invocations=16 (full 3):
 PSYoungGen      total 166400K, used 0K [0x00000000e0000000, 0x00000000ed480000, 0x0000000100000000)
  eden space 146944K, 0% used [0x00000000e0000000,0x00000000e0000000,0x00000000e8f80000)
  from space 19456K, 0% used [0x00000000e8f80000,0x00000000e8f80000,0x00000000ea280000)
  to   space 21504K, 0% used [0x00000000ebf80000,0x00000000ebf80000,0x00000000ed480000)
 ParOldGen       total 101376K, used 37798K [0x00000000a0000000, 0x00000000a6300000, 0x00000000e0000000)
  object space 101376K, 37% used [0x00000000a0000000,0x00000000a24e99c8,0x00000000a6300000)
 Metaspace       used 57220K, capacity 58954K, committed 59028K, reserved 1099776K
  class space    used 7711K, capacity 8134K, committed 8192K, reserved 1048576K
}
Event: 68.632 GC heap before
{Heap before GC invocations=17 (full 3):
 PSYoungGen      total 166400K, used 146062K [0x00000000e0000000, 0x00000000ed480000, 0x0000000100000000)
  eden space 146944K, 99% used [0x00000000e0000000,0x00000000e8ea3918,0x00000000e8f80000)
  from space 19456K, 0% used [0x00000000e8f80000,0x00000000e8f80000,0x00000000ea280000)
  to   space 21504K, 0% used [0x00000000ebf80000,0x00000000ebf80000,0x00000000ed480000)
 ParOldGen       total 101376K, used 37798K [0x00000000a0000000, 0x00000000a6300000, 0x00000000e0000000)
  object space 101376K, 37% used [0x00000000a0000000,0x00000000a24e99c8,0x00000000a6300000)
 Metaspace       used 57729K, capacity 59600K, committed 59736K, reserved 1101824K
  class space    used 7785K, capacity 8197K, committed 8320K, reserved 1048576K
Event: 68.636 GC heap after
Heap after GC invocations=17 (full 3):
 PSYoungGen      total 196096K, used 2118K [0x00000000e0000000, 0x00000000ed700000, 0x0000000100000000)
  eden space 174592K, 0% used [0x00000000e0000000,0x00000000e0000000,0x00000000eaa80000)
  from space 21504K, 9% used [0x00000000ebf80000,0x00000000ec1919d8,0x00000000ed480000)
  to   space 21504K, 0% used [0x00000000eaa80000,0x00000000eaa80000,0x00000000ebf80000)
 ParOldGen       total 101376K, used 37806K [0x00000000a0000000, 0x00000000a6300000, 0x00000000e0000000)
  object space 101376K, 37% used [0x00000000a0000000,0x00000000a24eb9c8,0x00000000a6300000)
 Metaspace       used 57729K, capacity 59600K, committed 59736K, reserved 1101824K
  class space    used 7785K, capacity 8197K, committed 8320K, reserved 1048576K
}
Event: 68.665 GC heap before
{Heap before GC invocations=18 (full 3):
 PSYoungGen      total 196096K, used 175834K [0x00000000e0000000, 0x00000000ed700000, 0x0000000100000000)
  eden space 174592K, 99% used [0x00000000e0000000,0x00000000ea9a50f8,0x00000000eaa80000)
  from space 21504K, 9% used [0x00000000ebf80000,0x00000000ec1919d8,0x00000000ed480000)
  to   space 21504K, 0% used [0x00000000eaa80000,0x00000000eaa80000,0x00000000ebf80000)
 ParOldGen       total 101376K, used 37806K [0x00000000a0000000, 0x00000000a6300000, 0x00000000e0000000)
  object space 101376K, 37% used [0x00000000a0000000,0x00000000a24eb9c8,0x00000000a6300000)
 Metaspace       used 57738K, capacity 59600K, committed 59736K, reserved 1101824K
  class space    used 7785K, capacity 8197K, committed 8320K, reserved 1048576K
Event: 68.669 GC heap after
Heap after GC invocations=18 (full 3):
 PSYoungGen      total 196096K, used 1316K [0x00000000e0000000, 0x00000000f1f80000, 0x0000000100000000)
  eden space 174592K, 0% used [0x00000000e0000000,0x00000000e0000000,0x00000000eaa80000)
  from space 21504K, 6% used [0x00000000eaa80000,0x00000000eabc91e0,0x00000000ebf80000)
  to   space 21504K, 0% used [0x00000000f0a80000,0x00000000f0a80000,0x00000000f1f80000)
 ParOldGen       total 101376K, used 37806K [0x00000000a0000000, 0x00000000a6300000, 0x00000000e0000000)
  object space 101376K, 37% used [0x00000000a0000000,0x00000000a24eb9c8,0x00000000a6300000)
 Metaspace       used 57738K, capacity 59600K, committed 59736K, reserved 1101824K
  class space    used 7785K, capacity 8197K, committed 8320K, reserved 1048576K
}

