# JRE version: OpenJDK Runtime Environment (8.0_152-b02) (build 1.8.0_152-release-1024-b02)
# Java VM: OpenJDK 64-Bit Server VM (25.152-b02 mixed mode windows-amd64 compressed oops)
Heap:
 PSYoungGen      total 312320K, used 161872K [0x00000000e0000000, 0x00000000f6880000, 0x0000000100000000)
  eden space 256000K, 57% used [0x00000000e0000000,0x00000000e9027fe8,0x00000000efa00000)
  from space 56320K, 25% used [0x00000000efa00000,0x00000000f07ec040,0x00000000f3100000)
  to   space 55808K, 0% used [0x00000000f3100000,0x00000000f3100000,0x00000000f6780000)
 ParOldGen       total 109056K, used 85021K [0x00000000a0000000, 0x00000000a6a80000, 0x00000000e0000000)
  object space 109056K, 77% used [0x00000000a0000000,0x00000000a53076a8,0x00000000a6a80000)
 Metaspace       used 91819K, capacity 96424K, committed 98136K, reserved 1134592K
  class space    used 11429K, capacity 12524K, committed 12888K, reserved 1048576K
GC Heap History (10 events):
Event: 1520.043 GC heap before
{Heap before GC invocations=55 (full 3):
 PSYoungGen      total 249856K, used 215317K [0x00000000e0000000, 0x00000000f4780000, 0x0000000100000000)
  eden space 190464K, 100% used [0x00000000e0000000,0x00000000eba00000,0x00000000eba00000)
  from space 59392K, 41% used [0x00000000eba00000,0x00000000ed245470,0x00000000ef400000)
  to   space 56832K, 0% used [0x00000000f1000000,0x00000000f1000000,0x00000000f4780000)
 ParOldGen       total 109056K, used 86297K [0x00000000a0000000, 0x00000000a6a80000, 0x00000000e0000000)
  object space 109056K, 79% used [0x00000000a0000000,0x00000000a5446458,0x00000000a6a80000)
 Metaspace       used 92207K, capacity 97658K, committed 97880K, reserved 1134592K
  class space    used 11584K, capacity 12763K, committed 12888K, reserved 1048576K
Event: 1520.115 GC heap after
Heap after GC invocations=55 (full 3):
 PSYoungGen      total 278528K, used 12156K [0x00000000e0000000, 0x00000000f4780000, 0x0000000100000000)
  eden space 221696K, 0% used [0x00000000e0000000,0x00000000e0000000,0x00000000ed880000)
  from space 56832K, 21% used [0x00000000f1000000,0x00000000f1bdf368,0x00000000f4780000)
  to   space 56832K, 0% used [0x00000000ed880000,0x00000000ed880000,0x00000000f1000000)
 ParOldGen       total 109056K, used 96772K [0x00000000a0000000, 0x00000000a6a80000, 0x00000000e0000000)
  object space 109056K, 88% used [0x00000000a0000000,0x00000000a5e81100,0x00000000a6a80000)
 Metaspace       used 92207K, capacity 97658K, committed 97880K, reserved 1134592K
  class space    used 11584K, capacity 12763K, committed 12888K, reserved 1048576K
}
Event: 1521.411 GC heap before
{Heap before GC invocations=56 (full 3):
 PSYoungGen      total 278528K, used 233852K [0x00000000e0000000, 0x00000000f4780000, 0x0000000100000000)
  eden space 221696K, 100% used [0x00000000e0000000,0x00000000ed880000,0x00000000ed880000)
  from space 56832K, 21% used [0x00000000f1000000,0x00000000f1bdf368,0x00000000f4780000)
  to   space 56832K, 0% used [0x00000000ed880000,0x00000000ed880000,0x00000000f1000000)
 ParOldGen       total 109056K, used 96772K [0x00000000a0000000, 0x00000000a6a80000, 0x00000000e0000000)
  object space 109056K, 88% used [0x00000000a0000000,0x00000000a5e81100,0x00000000a6a80000)
 Metaspace       used 92315K, capacity 97822K, committed 98136K, reserved 1134592K
  class space    used 11596K, capacity 12795K, committed 12888K, reserved 1048576K
Event: 1521.447 GC heap after
Heap after GC invocations=56 (full 3):
 PSYoungGen      total 278528K, used 15197K [0x00000000e0000000, 0x00000000f6780000, 0x0000000100000000)
  eden space 221696K, 0% used [0x00000000e0000000,0x00000000e0000000,0x00000000ed880000)
  from space 56832K, 26% used [0x00000000ed880000,0x00000000ee7574a0,0x00000000f1000000)
  to   space 55808K, 0% used [0x00000000f3100000,0x00000000f3100000,0x00000000f6780000)
 ParOldGen       total 109056K, used 103502K [0x00000000a0000000, 0x00000000a6a80000, 0x00000000e0000000)
  object space 109056K, 94% used [0x00000000a0000000,0x00000000a6513a10,0x00000000a6a80000)
 Metaspace       used 92315K, capacity 97822K, committed 98136K, reserved 1134592K
  class space    used 11596K, capacity 12795K, committed 12888K, reserved 1048576K
}
Event: 1521.504 GC heap before
{Heap before GC invocations=57 (full 4):
 PSYoungGen      total 278528K, used 15197K [0x00000000e0000000, 0x00000000f6780000, 0x0000000100000000)
  eden space 221696K, 0% used [0x00000000e0000000,0x00000000e0000000,0x00000000ed880000)
  from space 56832K, 26% used [0x00000000ed880000,0x00000000ee7574a0,0x00000000f1000000)
  to   space 55808K, 0% used [0x00000000f3100000,0x00000000f3100000,0x00000000f6780000)
 ParOldGen       total 109056K, used 103502K [0x00000000a0000000, 0x00000000a6a80000, 0x00000000e0000000)
  object space 109056K, 94% used [0x00000000a0000000,0x00000000a6513a10,0x00000000a6a80000)
 Metaspace       used 92315K, capacity 97822K, committed 98136K, reserved 1134592K
  class space    used 11596K, capacity 12795K, committed 12888K, reserved 1048576K
Event: 1524.274 GC heap after
Heap after GC invocations=57 (full 4):
 PSYoungGen      total 278528K, used 0K [0x00000000e0000000, 0x00000000f6780000, 0x0000000100000000)
  eden space 221696K, 0% used [0x00000000e0000000,0x00000000e0000000,0x00000000ed880000)
  from space 56832K, 0% used [0x00000000ed880000,0x00000000ed880000,0x00000000f1000000)
  to   space 55808K, 0% used [0x00000000f3100000,0x00000000f3100000,0x00000000f6780000)
 ParOldGen       total 109056K, used 85021K [0x00000000a0000000, 0x00000000a6a80000, 0x00000000e0000000)
  object space 109056K, 77% used [0x00000000a0000000,0x00000000a53076a8,0x00000000a6a80000)
 Metaspace       used 91803K, capacity 96416K, committed 98136K, reserved 1134592K
  class space    used 11429K, capacity 12524K, committed 12888K, reserved 1048576K
}
Event: 1525.224 GC heap before
{Heap before GC invocations=58 (full 4):
 PSYoungGen      total 278528K, used 221696K [0x00000000e0000000, 0x00000000f6780000, 0x0000000100000000)
  eden space 221696K, 100% used [0x00000000e0000000,0x00000000ed880000,0x00000000ed880000)
  from space 56832K, 0% used [0x00000000ed880000,0x00000000ed880000,0x00000000f1000000)
  to   space 55808K, 0% used [0x00000000f3100000,0x00000000f3100000,0x00000000f6780000)
 ParOldGen       total 109056K, used 85021K [0x00000000a0000000, 0x00000000a6a80000, 0x00000000e0000000)
  object space 109056K, 77% used [0x00000000a0000000,0x00000000a53076a8,0x00000000a6a80000)
 Metaspace       used 91805K, capacity 96420K, committed 98136K, reserved 1134592K
  class space    used 11429K, capacity 12524K, committed 12888K, reserved 1048576K
Event: 1525.253 GC heap after
Heap after GC invocations=58 (full 4):
 PSYoungGen      total 311808K, used 6976K [0x00000000e0000000, 0x00000000f6880000, 0x0000000100000000)
  eden space 256000K, 0% used [0x00000000e0000000,0x00000000e0000000,0x00000000efa00000)
  from space 55808K, 12% used [0x00000000f3100000,0x00000000f37d0030,0x00000000f6780000)
  to   space 56320K, 0% used [0x00000000efa00000,0x00000000efa00000,0x00000000f3100000)
 ParOldGen       total 109056K, used 85021K [0x00000000a0000000, 0x00000000a6a80000, 0x00000000e0000000)
  object space 109056K, 77% used [0x00000000a0000000,0x00000000a53076a8,0x00000000a6a80000)
 Metaspace       used 91805K, capacity 96420K, committed 98136K, reserved 1134592K
  class space    used 11429K, capacity 12524K, committed 12888K, reserved 1048576K
}
Event: 1526.541 GC heap before
{Heap before GC invocations=59 (full 4):
 PSYoungGen      total 311808K, used 262976K [0x00000000e0000000, 0x00000000f6880000, 0x0000000100000000)
  eden space 256000K, 100% used [0x00000000e0000000,0x00000000efa00000,0x00000000efa00000)
  from space 55808K, 12% used [0x00000000f3100000,0x00000000f37d0030,0x00000000f6780000)
  to   space 56320K, 0% used [0x00000000efa00000,0x00000000efa00000,0x00000000f3100000)
 ParOldGen       total 109056K, used 85021K [0x00000000a0000000, 0x00000000a6a80000, 0x00000000e0000000)
  object space 109056K, 77% used [0x00000000a0000000,0x00000000a53076a8,0x00000000a6a80000)
 Metaspace       used 91806K, capacity 96420K, committed 98136K, reserved 1134592K
  class space    used 11429K, capacity 12524K, committed 12888K, reserved 1048576K
Event: 1526.569 GC heap after
Heap after GC invocations=59 (full 4):
 PSYoungGen      total 312320K, used 14256K [0x00000000e0000000, 0x00000000f6880000, 0x0000000100000000)
  eden space 256000K, 0% used [0x00000000e0000000,0x00000000e0000000,0x00000000efa00000)
  from space 56320K, 25% used [0x00000000efa00000,0x00000000f07ec040,0x00000000f3100000)
  to   space 55808K, 0% used [0x00000000f3100000,0x00000000f3100000,0x00000000f6780000)
 ParOldGen       total 109056K, used 85021K [0x00000000a0000000, 0x00000000a6a80000, 0x00000000e0000000)
  object space 109056K, 77% used [0x00000000a0000000,0x00000000a53076a8,0x00000000a6a80000)
 Metaspace       used 91806K, capacity 96420K, committed 98136K, reserved 1134592K
  class space    used 11429K, capacity 12524K, committed 12888K, reserved 1048576K
}

