# JRE version: OpenJDK Runtime Environment (8.0_152-b02) (build 1.8.0_152-release-1024-b02)
# Java VM: OpenJDK 64-Bit Server VM (25.152-b02 mixed mode windows-amd64 compressed oops)
Heap:
 PSYoungGen      total 410112K, used 81860K [0x00000000e0000000, 0x00000000fe380000, 0x0000000100000000)
  eden space 381440K, 20% used [0x00000000e0000000,0x00000000e4c00ec0,0x00000000f7480000)
  from space 28672K, 14% used [0x00000000f7480000,0x00000000f7870360,0x00000000f9080000)
  to   space 26112K, 0% used [0x00000000fca00000,0x00000000fca00000,0x00000000fe380000)
 ParOldGen       total 96768K, used 80444K [0x00000000a0000000, 0x00000000a5e80000, 0x00000000e0000000)
  object space 96768K, 83% used [0x00000000a0000000,0x00000000a4e8f000,0x00000000a5e80000)
 Metaspace       used 83420K, capacity 87280K, committed 87384K, reserved 1126400K
  class space    used 10629K, capacity 11349K, committed 11392K, reserved 1048576K
GC Heap History (10 events):
Event: 200.940 GC heap before
{Heap before GC invocations=24 (full 3):
 PSYoungGen      total 345088K, used 345087K [0x00000000e0000000, 0x00000000f7680000, 0x0000000100000000)
  eden space 321536K, 100% used [0x00000000e0000000,0x00000000f3a00000,0x00000000f3a00000)
  from space 23552K, 99% used [0x00000000f5780000,0x00000000f6e7fe10,0x00000000f6e80000)
  to   space 30208K, 0% used [0x00000000f3a00000,0x00000000f3a00000,0x00000000f5780000)
 ParOldGen       total 96768K, used 67599K [0x00000000a0000000, 0x00000000a5e80000, 0x00000000e0000000)
  object space 96768K, 69% used [0x00000000a0000000,0x00000000a4203e40,0x00000000a5e80000)
 Metaspace       used 78775K, capacity 81882K, committed 82136K, reserved 1120256K
  class space    used 10077K, capacity 10688K, committed 10752K, reserved 1048576K
Event: 200.970 GC heap after
Heap after GC invocations=24 (full 3):
 PSYoungGen      total 351744K, used 864K [0x00000000e0000000, 0x00000000fb580000, 0x0000000100000000)
  eden space 321536K, 0% used [0x00000000e0000000,0x00000000e0000000,0x00000000f3a00000)
  from space 30208K, 2% used [0x00000000f3a00000,0x00000000f3ad8000,0x00000000f5780000)
  to   space 30208K, 0% used [0x00000000f9800000,0x00000000f9800000,0x00000000fb580000)
 ParOldGen       total 96768K, used 74420K [0x00000000a0000000, 0x00000000a5e80000, 0x00000000e0000000)
  object space 96768K, 76% used [0x00000000a0000000,0x00000000a48ad0c8,0x00000000a5e80000)
 Metaspace       used 78775K, capacity 81882K, committed 82136K, reserved 1120256K
  class space    used 10077K, capacity 10688K, committed 10752K, reserved 1048576K
}
Event: 204.969 GC heap before
{Heap before GC invocations=25 (full 3):
 PSYoungGen      total 351744K, used 321710K [0x00000000e0000000, 0x00000000fb580000, 0x0000000100000000)
  eden space 321536K, 99% used [0x00000000e0000000,0x00000000f39538e0,0x00000000f3a00000)
  from space 30208K, 2% used [0x00000000f3a00000,0x00000000f3ad8000,0x00000000f5780000)
  to   space 30208K, 0% used [0x00000000f9800000,0x00000000f9800000,0x00000000fb580000)
 ParOldGen       total 96768K, used 74420K [0x00000000a0000000, 0x00000000a5e80000, 0x00000000e0000000)
  object space 96768K, 76% used [0x00000000a0000000,0x00000000a48ad0c8,0x00000000a5e80000)
 Metaspace       used 80494K, capacity 83966K, committed 84312K, reserved 1122304K
  class space    used 10323K, capacity 11012K, committed 11136K, reserved 1048576K
Event: 204.981 GC heap after
Heap after GC invocations=25 (full 3):
 PSYoungGen      total 402432K, used 9720K [0x00000000e0000000, 0x00000000fac80000, 0x0000000100000000)
  eden space 381440K, 0% used [0x00000000e0000000,0x00000000e0000000,0x00000000f7480000)
  from space 20992K, 46% used [0x00000000f9800000,0x00000000fa17e0c0,0x00000000fac80000)
  to   space 28672K, 0% used [0x00000000f7480000,0x00000000f7480000,0x00000000f9080000)
 ParOldGen       total 96768K, used 74716K [0x00000000a0000000, 0x00000000a5e80000, 0x00000000e0000000)
  object space 96768K, 77% used [0x00000000a0000000,0x00000000a48f70c8,0x00000000a5e80000)
 Metaspace       used 80494K, capacity 83966K, committed 84312K, reserved 1122304K
  class space    used 10323K, capacity 11012K, committed 11136K, reserved 1048576K
}
Event: 205.093 GC heap before
{Heap before GC invocations=26 (full 3):
 PSYoungGen      total 402432K, used 390564K [0x00000000e0000000, 0x00000000fac80000, 0x0000000100000000)
  eden space 381440K, 99% used [0x00000000e0000000,0x00000000f73eafc0,0x00000000f7480000)
  from space 20992K, 46% used [0x00000000f9800000,0x00000000fa17e0c0,0x00000000fac80000)
  to   space 28672K, 0% used [0x00000000f7480000,0x00000000f7480000,0x00000000f9080000)
 ParOldGen       total 96768K, used 74716K [0x00000000a0000000, 0x00000000a5e80000, 0x00000000e0000000)
  object space 96768K, 77% used [0x00000000a0000000,0x00000000a48f70c8,0x00000000a5e80000)
 Metaspace       used 80504K, capacity 83966K, committed 84312K, reserved 1122304K
  class space    used 10323K, capacity 11012K, committed 11136K, reserved 1048576K
Event: 205.099 GC heap after
Heap after GC invocations=26 (full 3):
 PSYoungGen      total 410112K, used 2553K [0x00000000e0000000, 0x00000000fac80000, 0x0000000100000000)
  eden space 381440K, 0% used [0x00000000e0000000,0x00000000e0000000,0x00000000f7480000)
  from space 28672K, 8% used [0x00000000f7480000,0x00000000f76fe6d8,0x00000000f9080000)
  to   space 20992K, 0% used [0x00000000f9800000,0x00000000f9800000,0x00000000fac80000)
 ParOldGen       total 96768K, used 74724K [0x00000000a0000000, 0x00000000a5e80000, 0x00000000e0000000)
  object space 96768K, 77% used [0x00000000a0000000,0x00000000a48f90c8,0x00000000a5e80000)
 Metaspace       used 80504K, capacity 83966K, committed 84312K, reserved 1122304K
  class space    used 10323K, capacity 11012K, committed 11136K, reserved 1048576K
}
Event: 461.370 GC heap before
{Heap before GC invocations=27 (full 3):
 PSYoungGen      total 410112K, used 383478K [0x00000000e0000000, 0x00000000fac80000, 0x0000000100000000)
  eden space 381440K, 99% used [0x00000000e0000000,0x00000000f73ff460,0x00000000f7480000)
  from space 28672K, 8% used [0x00000000f7480000,0x00000000f76fe6d8,0x00000000f9080000)
  to   space 20992K, 0% used [0x00000000f9800000,0x00000000f9800000,0x00000000fac80000)
 ParOldGen       total 96768K, used 74724K [0x00000000a0000000, 0x00000000a5e80000, 0x00000000e0000000)
  object space 96768K, 77% used [0x00000000a0000000,0x00000000a48f90c8,0x00000000a5e80000)
 Metaspace       used 81812K, capacity 85626K, committed 85720K, reserved 1124352K
  class space    used 10482K, capacity 11208K, committed 11264K, reserved 1048576K
Event: 461.399 GC heap after
Heap after GC invocations=27 (full 3):
 PSYoungGen      total 402432K, used 8509K [0x00000000e0000000, 0x00000000fac80000, 0x0000000100000000)
  eden space 381440K, 0% used [0x00000000e0000000,0x00000000e0000000,0x00000000f7480000)
  from space 20992K, 40% used [0x00000000f9800000,0x00000000fa04f4e8,0x00000000fac80000)
  to   space 28672K, 0% used [0x00000000f7480000,0x00000000f7480000,0x00000000f9080000)
 ParOldGen       total 96768K, used 75445K [0x00000000a0000000, 0x00000000a5e80000, 0x00000000e0000000)
  object space 96768K, 77% used [0x00000000a0000000,0x00000000a49ad608,0x00000000a5e80000)
 Metaspace       used 81812K, capacity 85626K, committed 85720K, reserved 1124352K
  class space    used 10482K, capacity 11208K, committed 11264K, reserved 1048576K
}
Event: 471.939 GC heap before
{Heap before GC invocations=28 (full 3):
 PSYoungGen      total 402432K, used 389949K [0x00000000e0000000, 0x00000000fac80000, 0x0000000100000000)
  eden space 381440K, 100% used [0x00000000e0000000,0x00000000f7480000,0x00000000f7480000)
  from space 20992K, 40% used [0x00000000f9800000,0x00000000fa04f4e8,0x00000000fac80000)
  to   space 28672K, 0% used [0x00000000f7480000,0x00000000f7480000,0x00000000f9080000)
 ParOldGen       total 96768K, used 75445K [0x00000000a0000000, 0x00000000a5e80000, 0x00000000e0000000)
  object space 96768K, 77% used [0x00000000a0000000,0x00000000a49ad608,0x00000000a5e80000)
 Metaspace       used 83029K, capacity 86830K, committed 87128K, reserved 1124352K
  class space    used 10608K, capacity 11338K, committed 11392K, reserved 1048576K
Event: 471.960 GC heap after
Heap after GC invocations=28 (full 3):
 PSYoungGen      total 410112K, used 4032K [0x00000000e0000000, 0x00000000fe380000, 0x0000000100000000)
  eden space 381440K, 0% used [0x00000000e0000000,0x00000000e0000000,0x00000000f7480000)
  from space 28672K, 14% used [0x00000000f7480000,0x00000000f7870360,0x00000000f9080000)
  to   space 26112K, 0% used [0x00000000fca00000,0x00000000fca00000,0x00000000fe380000)
 ParOldGen       total 96768K, used 80444K [0x00000000a0000000, 0x00000000a5e80000, 0x00000000e0000000)
  object space 96768K, 83% used [0x00000000a0000000,0x00000000a4e8f000,0x00000000a5e80000)
 Metaspace       used 83029K, capacity 86830K, committed 87128K, reserved 1124352K
  class space    used 10608K, capacity 11338K, committed 11392K, reserved 1048576K
}

