# JRE version: OpenJDK Runtime Environment (8.0_152-b02) (build 1.8.0_152-release-1024-b02)
# Java VM: OpenJDK 64-Bit Server VM (25.152-b02 mixed mode windows-amd64 compressed oops)
Heap:
 PSYoungGen      total 452096K, used 224240K [0x00000000e0000000, 0x0000000100000000, 0x0000000100000000)
  eden space 421376K, 48% used [0x00000000e0000000,0x00000000ec918160,0x00000000f9b80000)
  from space 30720K, 59% used [0x00000000f9b80000,0x00000000fad64090,0x00000000fb980000)
  to   space 30720K, 0% used [0x00000000fe200000,0x00000000fe200000,0x0000000100000000)
 ParOldGen       total 134656K, used 87934K [0x00000000a0000000, 0x00000000a8380000, 0x00000000e0000000)
  object space 134656K, 65% used [0x00000000a0000000,0x00000000a55dfb28,0x00000000a8380000)
 Metaspace       used 120538K, capacity 126238K, committed 126412K, reserved 1159168K
  class space    used 15195K, capacity 16538K, committed 16640K, reserved 1048576K
GC Heap History (10 events):
Event: 401.013 GC heap before
{Heap before GC invocations=25 (full 4):
 PSYoungGen      total 322560K, used 302080K [0x00000000e0000000, 0x00000000f5900000, 0x0000000100000000)
  eden space 302080K, 100% used [0x00000000e0000000,0x00000000f2700000,0x00000000f2700000)
  from space 20480K, 0% used [0x00000000f4500000,0x00000000f4500000,0x00000000f5900000)
  to   space 25600K, 0% used [0x00000000f2700000,0x00000000f2700000,0x00000000f4000000)
 ParOldGen       total 134656K, used 72954K [0x00000000a0000000, 0x00000000a8380000, 0x00000000e0000000)
  object space 134656K, 54% used [0x00000000a0000000,0x00000000a473ea98,0x00000000a8380000)
 Metaspace       used 100621K, capacity 104914K, committed 105036K, reserved 1140736K
  class space    used 13083K, capacity 14122K, committed 14208K, reserved 1048576K
Event: 401.059 GC heap after
Heap after GC invocations=25 (full 4):
 PSYoungGen      total 327680K, used 22139K [0x00000000e0000000, 0x00000000fa080000, 0x0000000100000000)
  eden space 302080K, 0% used [0x00000000e0000000,0x00000000e0000000,0x00000000f2700000)
  from space 25600K, 86% used [0x00000000f2700000,0x00000000f3c9efc0,0x00000000f4000000)
  to   space 28160K, 0% used [0x00000000f8500000,0x00000000f8500000,0x00000000fa080000)
 ParOldGen       total 134656K, used 72962K [0x00000000a0000000, 0x00000000a8380000, 0x00000000e0000000)
  object space 134656K, 54% used [0x00000000a0000000,0x00000000a4740a98,0x00000000a8380000)
 Metaspace       used 100621K, capacity 104914K, committed 105036K, reserved 1140736K
  class space    used 13083K, capacity 14122K, committed 14208K, reserved 1048576K
}
Event: 419.890 GC heap before
{Heap before GC invocations=26 (full 4):
 PSYoungGen      total 327680K, used 324219K [0x00000000e0000000, 0x00000000fa080000, 0x0000000100000000)
  eden space 302080K, 100% used [0x00000000e0000000,0x00000000f2700000,0x00000000f2700000)
  from space 25600K, 86% used [0x00000000f2700000,0x00000000f3c9efc0,0x00000000f4000000)
  to   space 28160K, 0% used [0x00000000f8500000,0x00000000f8500000,0x00000000fa080000)
 ParOldGen       total 134656K, used 72962K [0x00000000a0000000, 0x00000000a8380000, 0x00000000e0000000)
  object space 134656K, 54% used [0x00000000a0000000,0x00000000a4740a98,0x00000000a8380000)
 Metaspace       used 106585K, capacity 110994K, committed 111308K, reserved 1146880K
  class space    used 13632K, capacity 14730K, committed 14848K, reserved 1048576K
Event: 419.969 GC heap after
Heap after GC invocations=26 (full 4):
 PSYoungGen      total 393216K, used 25306K [0x00000000e0000000, 0x00000000fa180000, 0x0000000100000000)
  eden space 365056K, 0% used [0x00000000e0000000,0x00000000e0000000,0x00000000f6480000)
  from space 28160K, 89% used [0x00000000f8500000,0x00000000f9db68f8,0x00000000fa080000)
  to   space 31232K, 0% used [0x00000000f6480000,0x00000000f6480000,0x00000000f8300000)
 ParOldGen       total 134656K, used 86561K [0x00000000a0000000, 0x00000000a8380000, 0x00000000e0000000)
  object space 134656K, 64% used [0x00000000a0000000,0x00000000a54885a8,0x00000000a8380000)
 Metaspace       used 106585K, capacity 110994K, committed 111308K, reserved 1146880K
  class space    used 13632K, capacity 14730K, committed 14848K, reserved 1048576K
}
Event: 520.646 GC heap before
{Heap before GC invocations=27 (full 4):
 PSYoungGen      total 393216K, used 390362K [0x00000000e0000000, 0x00000000fa180000, 0x0000000100000000)
  eden space 365056K, 100% used [0x00000000e0000000,0x00000000f6480000,0x00000000f6480000)
  from space 28160K, 89% used [0x00000000f8500000,0x00000000f9db68f8,0x00000000fa080000)
  to   space 31232K, 0% used [0x00000000f6480000,0x00000000f6480000,0x00000000f8300000)
 ParOldGen       total 134656K, used 86561K [0x00000000a0000000, 0x00000000a8380000, 0x00000000e0000000)
  object space 134656K, 64% used [0x00000000a0000000,0x00000000a54885a8,0x00000000a8380000)
 Metaspace       used 108549K, capacity 113314K, committed 113612K, reserved 1148928K
  class space    used 13814K, capacity 14976K, committed 15104K, reserved 1048576K
Event: 520.670 GC heap after
Heap after GC invocations=27 (full 4):
 PSYoungGen      total 396288K, used 9971K [0x00000000e0000000, 0x00000000fe000000, 0x0000000100000000)
  eden space 365056K, 0% used [0x00000000e0000000,0x00000000e0000000,0x00000000f6480000)
  from space 31232K, 31% used [0x00000000f6480000,0x00000000f6e3ced8,0x00000000f8300000)
  to   space 30208K, 0% used [0x00000000fc280000,0x00000000fc280000,0x00000000fe000000)
 ParOldGen       total 134656K, used 87910K [0x00000000a0000000, 0x00000000a8380000, 0x00000000e0000000)
  object space 134656K, 65% used [0x00000000a0000000,0x00000000a55d9b28,0x00000000a8380000)
 Metaspace       used 108549K, capacity 113314K, committed 113612K, reserved 1148928K
  class space    used 13814K, capacity 14976K, committed 15104K, reserved 1048576K
}
Event: 863.567 GC heap before
{Heap before GC invocations=28 (full 4):
 PSYoungGen      total 396288K, used 374296K [0x00000000e0000000, 0x00000000fe000000, 0x0000000100000000)
  eden space 365056K, 99% used [0x00000000e0000000,0x00000000f63c92c8,0x00000000f6480000)
  from space 31232K, 31% used [0x00000000f6480000,0x00000000f6e3ced8,0x00000000f8300000)
  to   space 30208K, 0% used [0x00000000fc280000,0x00000000fc280000,0x00000000fe000000)
 ParOldGen       total 134656K, used 87910K [0x00000000a0000000, 0x00000000a8380000, 0x00000000e0000000)
  object space 134656K, 65% used [0x00000000a0000000,0x00000000a55d9b28,0x00000000a8380000)
 Metaspace       used 116473K, capacity 121672K, committed 121932K, reserved 1155072K
  class space    used 14724K, capacity 15957K, committed 16000K, reserved 1048576K
Event: 863.632 GC heap after
Heap after GC invocations=28 (full 4):
 PSYoungGen      total 442880K, used 19288K [0x00000000e0000000, 0x00000000fd780000, 0x0000000100000000)
  eden space 421376K, 0% used [0x00000000e0000000,0x00000000e0000000,0x00000000f9b80000)
  from space 21504K, 89% used [0x00000000fc280000,0x00000000fd556140,0x00000000fd780000)
  to   space 30720K, 0% used [0x00000000f9b80000,0x00000000f9b80000,0x00000000fb980000)
 ParOldGen       total 134656K, used 87926K [0x00000000a0000000, 0x00000000a8380000, 0x00000000e0000000)
  object space 134656K, 65% used [0x00000000a0000000,0x00000000a55ddb28,0x00000000a8380000)
 Metaspace       used 116473K, capacity 121672K, committed 121932K, reserved 1155072K
  class space    used 14724K, capacity 15957K, committed 16000K, reserved 1048576K
}
Event: 874.437 GC heap before
{Heap before GC invocations=29 (full 4):
 PSYoungGen      total 442880K, used 440664K [0x00000000e0000000, 0x00000000fd780000, 0x0000000100000000)
  eden space 421376K, 100% used [0x00000000e0000000,0x00000000f9b80000,0x00000000f9b80000)
  from space 21504K, 89% used [0x00000000fc280000,0x00000000fd556140,0x00000000fd780000)
  to   space 30720K, 0% used [0x00000000f9b80000,0x00000000f9b80000,0x00000000fb980000)
 ParOldGen       total 134656K, used 87926K [0x00000000a0000000, 0x00000000a8380000, 0x00000000e0000000)
  object space 134656K, 65% used [0x00000000a0000000,0x00000000a55ddb28,0x00000000a8380000)
 Metaspace       used 117071K, capacity 122398K, committed 122572K, reserved 1155072K
  class space    used 14817K, capacity 16082K, committed 16128K, reserved 1048576K
Event: 874.488 GC heap after
Heap after GC invocations=29 (full 4):
 PSYoungGen      total 452096K, used 18320K [0x00000000e0000000, 0x0000000100000000, 0x0000000100000000)
  eden space 421376K, 0% used [0x00000000e0000000,0x00000000e0000000,0x00000000f9b80000)
  from space 30720K, 59% used [0x00000000f9b80000,0x00000000fad64090,0x00000000fb980000)
  to   space 30720K, 0% used [0x00000000fe200000,0x00000000fe200000,0x0000000100000000)
 ParOldGen       total 134656K, used 87934K [0x00000000a0000000, 0x00000000a8380000, 0x00000000e0000000)
  object space 134656K, 65% used [0x00000000a0000000,0x00000000a55dfb28,0x00000000a8380000)
 Metaspace       used 117071K, capacity 122398K, committed 122572K, reserved 1155072K
  class space    used 14817K, capacity 16082K, committed 16128K, reserved 1048576K
}

