# JRE version: OpenJDK Runtime Environment (8.0_152-b02) (build 1.8.0_152-release-1024-b02)
# Java VM: OpenJDK 64-Bit Server VM (25.152-b02 mixed mode windows-amd64 compressed oops)
Heap:
 PSYoungGen      total 356864K, used 346500K [0x00000000e0000000, 0x00000000f9700000, 0x0000000100000000)
  eden space 325120K, 98% used [0x00000000e0000000,0x00000000f3807898,0x00000000f3d80000)
  from space 31744K, 85% used [0x00000000f3d80000,0x00000000f57d99c0,0x00000000f5c80000)
  to   space 34816K, 0% used [0x00000000f7500000,0x00000000f7500000,0x00000000f9700000)
 ParOldGen       total 130048K, used 56052K [0x00000000a0000000, 0x00000000a7f00000, 0x00000000e0000000)
  object space 130048K, 43% used [0x00000000a0000000,0x00000000a36bd0a0,0x00000000a7f00000)
 Metaspace       used 93056K, capacity 97626K, committed 97920K, reserved 1134592K
  class space    used 11751K, capacity 12850K, committed 12928K, reserved 1048576K
GC Heap History (10 events):
Event: 1242.724 GC heap before
{Heap before GC invocations=24 (full 4):
 PSYoungGen      total 321536K, used 305392K [0x00000000e0000000, 0x00000000f6e00000, 0x0000000100000000)
  eden space 296448K, 100% used [0x00000000e0000000,0x00000000f2180000,0x00000000f2180000)
  from space 25088K, 35% used [0x00000000f2180000,0x00000000f2a3c168,0x00000000f3a00000)
  to   space 24064K, 0% used [0x00000000f5680000,0x00000000f5680000,0x00000000f6e00000)
 ParOldGen       total 130048K, used 56485K [0x00000000a0000000, 0x00000000a7f00000, 0x00000000e0000000)
  object space 130048K, 43% used [0x00000000a0000000,0x00000000a37294e8,0x00000000a7f00000)
 Metaspace       used 77446K, capacity 81218K, committed 81280K, reserved 1120256K
  class space    used 9949K, capacity 10878K, committed 10880K, reserved 1048576K
Event: 1242.867 GC heap after
Heap after GC invocations=24 (full 4):
 PSYoungGen      total 344576K, used 24061K [0x00000000e0000000, 0x00000000f7880000, 0x0000000100000000)
  eden space 320512K, 0% used [0x00000000e0000000,0x00000000e0000000,0x00000000f3900000)
  from space 24064K, 99% used [0x00000000f5680000,0x00000000f6dff648,0x00000000f6e00000)
  to   space 30208K, 0% used [0x00000000f3900000,0x00000000f3900000,0x00000000f5680000)
 ParOldGen       total 130048K, used 62814K [0x00000000a0000000, 0x00000000a7f00000, 0x00000000e0000000)
  object space 130048K, 48% used [0x00000000a0000000,0x00000000a3d57808,0x00000000a7f00000)
 Metaspace       used 77446K, capacity 81218K, committed 81280K, reserved 1120256K
  class space    used 9949K, capacity 10878K, committed 10880K, reserved 1048576K
}
Event: 1291.378 GC heap before
{Heap before GC invocations=25 (full 4):
 PSYoungGen      total 344576K, used 156792K [0x00000000e0000000, 0x00000000f7880000, 0x0000000100000000)
  eden space 320512K, 41% used [0x00000000e0000000,0x00000000e819ece0,0x00000000f3900000)
  from space 24064K, 99% used [0x00000000f5680000,0x00000000f6dff648,0x00000000f6e00000)
  to   space 30208K, 0% used [0x00000000f3900000,0x00000000f3900000,0x00000000f5680000)
 ParOldGen       total 130048K, used 62814K [0x00000000a0000000, 0x00000000a7f00000, 0x00000000e0000000)
  object space 130048K, 48% used [0x00000000a0000000,0x00000000a3d57808,0x00000000a7f00000)
 Metaspace       used 77719K, capacity 81566K, committed 81792K, reserved 1120256K
  class space    used 9961K, capacity 10880K, committed 10880K, reserved 1048576K
Event: 1291.569 GC heap after
Heap after GC invocations=25 (full 4):
 PSYoungGen      total 350720K, used 21721K [0x00000000e0000000, 0x00000000f7b80000, 0x0000000100000000)
  eden space 320512K, 0% used [0x00000000e0000000,0x00000000e0000000,0x00000000f3900000)
  from space 30208K, 71% used [0x00000000f3900000,0x00000000f4e36420,0x00000000f5680000)
  to   space 31744K, 0% used [0x00000000f5c80000,0x00000000f5c80000,0x00000000f7b80000)
 ParOldGen       total 130048K, used 64250K [0x00000000a0000000, 0x00000000a7f00000, 0x00000000e0000000)
  object space 130048K, 49% used [0x00000000a0000000,0x00000000a3ebea50,0x00000000a7f00000)
 Metaspace       used 77719K, capacity 81566K, committed 81792K, reserved 1120256K
  class space    used 9961K, capacity 10880K, committed 10880K, reserved 1048576K
}
Event: 1291.569 GC heap before
{Heap before GC invocations=26 (full 5):
 PSYoungGen      total 350720K, used 21721K [0x00000000e0000000, 0x00000000f7b80000, 0x0000000100000000)
  eden space 320512K, 0% used [0x00000000e0000000,0x00000000e0000000,0x00000000f3900000)
  from space 30208K, 71% used [0x00000000f3900000,0x00000000f4e36420,0x00000000f5680000)
  to   space 31744K, 0% used [0x00000000f5c80000,0x00000000f5c80000,0x00000000f7b80000)
 ParOldGen       total 130048K, used 64250K [0x00000000a0000000, 0x00000000a7f00000, 0x00000000e0000000)
  object space 130048K, 49% used [0x00000000a0000000,0x00000000a3ebea50,0x00000000a7f00000)
 Metaspace       used 77719K, capacity 81566K, committed 81792K, reserved 1120256K
  class space    used 9961K, capacity 10880K, committed 10880K, reserved 1048576K
Event: 1293.289 GC heap after
Heap after GC invocations=26 (full 5):
 PSYoungGen      total 350720K, used 0K [0x00000000e0000000, 0x00000000f7b80000, 0x0000000100000000)
  eden space 320512K, 0% used [0x00000000e0000000,0x00000000e0000000,0x00000000f3900000)
  from space 30208K, 0% used [0x00000000f3900000,0x00000000f3900000,0x00000000f5680000)
  to   space 31744K, 0% used [0x00000000f5c80000,0x00000000f5c80000,0x00000000f7b80000)
 ParOldGen       total 130048K, used 56036K [0x00000000a0000000, 0x00000000a7f00000, 0x00000000e0000000)
  object space 130048K, 43% used [0x00000000a0000000,0x00000000a36b90a0,0x00000000a7f00000)
 Metaspace       used 77672K, capacity 81390K, committed 81792K, reserved 1120256K
  class space    used 9948K, capacity 10864K, committed 10880K, reserved 1048576K
}
Event: 1316.676 GC heap before
{Heap before GC invocations=27 (full 5):
 PSYoungGen      total 350720K, used 320512K [0x00000000e0000000, 0x00000000f7b80000, 0x0000000100000000)
  eden space 320512K, 100% used [0x00000000e0000000,0x00000000f3900000,0x00000000f3900000)
  from space 30208K, 0% used [0x00000000f3900000,0x00000000f3900000,0x00000000f5680000)
  to   space 31744K, 0% used [0x00000000f5c80000,0x00000000f5c80000,0x00000000f7b80000)
 ParOldGen       total 130048K, used 56036K [0x00000000a0000000, 0x00000000a7f00000, 0x00000000e0000000)
  object space 130048K, 43% used [0x00000000a0000000,0x00000000a36b90a0,0x00000000a7f00000)
 Metaspace       used 77834K, capacity 81524K, committed 81920K, reserved 1120256K
  class space    used 9949K, capacity 10865K, committed 11008K, reserved 1048576K
Event: 1316.688 GC heap after
Heap after GC invocations=27 (full 5):
 PSYoungGen      total 356864K, used 3319K [0x00000000e0000000, 0x00000000f9000000, 0x0000000100000000)
  eden space 325120K, 0% used [0x00000000e0000000,0x00000000e0000000,0x00000000f3d80000)
  from space 31744K, 10% used [0x00000000f5c80000,0x00000000f5fbdc78,0x00000000f7b80000)
  to   space 31744K, 0% used [0x00000000f3d80000,0x00000000f3d80000,0x00000000f5c80000)
 ParOldGen       total 130048K, used 56044K [0x00000000a0000000, 0x00000000a7f00000, 0x00000000e0000000)
  object space 130048K, 43% used [0x00000000a0000000,0x00000000a36bb0a0,0x00000000a7f00000)
 Metaspace       used 77834K, capacity 81524K, committed 81920K, reserved 1120256K
  class space    used 9949K, capacity 10865K, committed 11008K, reserved 1048576K
}
Event: 1367.863 GC heap before
{Heap before GC invocations=28 (full 5):
 PSYoungGen      total 356864K, used 328439K [0x00000000e0000000, 0x00000000f9000000, 0x0000000100000000)
  eden space 325120K, 100% used [0x00000000e0000000,0x00000000f3d80000,0x00000000f3d80000)
  from space 31744K, 10% used [0x00000000f5c80000,0x00000000f5fbdc78,0x00000000f7b80000)
  to   space 31744K, 0% used [0x00000000f3d80000,0x00000000f3d80000,0x00000000f5c80000)
 ParOldGen       total 130048K, used 56044K [0x00000000a0000000, 0x00000000a7f00000, 0x00000000e0000000)
  object space 130048K, 43% used [0x00000000a0000000,0x00000000a36bb0a0,0x00000000a7f00000)
 Metaspace       used 89660K, capacity 94010K, committed 94208K, reserved 1130496K
  class space    used 11407K, capacity 12486K, committed 12544K, reserved 1048576K
Event: 1367.910 GC heap after
Heap after GC invocations=28 (full 5):
 PSYoungGen      total 356864K, used 26982K [0x00000000e0000000, 0x00000000f9700000, 0x0000000100000000)
  eden space 325120K, 0% used [0x00000000e0000000,0x00000000e0000000,0x00000000f3d80000)
  from space 31744K, 85% used [0x00000000f3d80000,0x00000000f57d99c0,0x00000000f5c80000)
  to   space 34816K, 0% used [0x00000000f7500000,0x00000000f7500000,0x00000000f9700000)
 ParOldGen       total 130048K, used 56052K [0x00000000a0000000, 0x00000000a7f00000, 0x00000000e0000000)
  object space 130048K, 43% used [0x00000000a0000000,0x00000000a36bd0a0,0x00000000a7f00000)
 Metaspace       used 89660K, capacity 94010K, committed 94208K, reserved 1130496K
  class space    used 11407K, capacity 12486K, committed 12544K, reserved 1048576K
}

