# JRE version: OpenJDK Runtime Environment (8.0_152-b02) (build 1.8.0_152-release-1024-b02)
# Java VM: OpenJDK 64-Bit Server VM (25.152-b02 mixed mode windows-amd64 compressed oops)
Heap:
 PSYoungGen      total 325632K, used 113163K [0x00000000e0000000, 0x00000000f8680000, 0x0000000100000000)
  eden space 300544K, 37% used [0x00000000e0000000,0x00000000e6e82fa0,0x00000000f2580000)
  from space 25088K, 0% used [0x00000000f5500000,0x00000000f5500000,0x00000000f6d80000)
  to   space 48640K, 0% used [0x00000000f2580000,0x00000000f2580000,0x00000000f5500000)
 ParOldGen       total 196096K, used 103326K [0x00000000a0000000, 0x00000000abf80000, 0x00000000e0000000)
  object space 196096K, 52% used [0x00000000a0000000,0x00000000a64e7ab0,0x00000000abf80000)
 Metaspace       used 84080K, capacity 87284K, committed 91096K, reserved 1128448K
  class space    used 10684K, capacity 11422K, committed 12288K, reserved 1048576K
GC Heap History (10 events):
Event: 379.119 GC heap before
{Heap before GC invocations=20 (full 3):
 PSYoungGen      total 295424K, used 295192K [0x00000000e0000000, 0x00000000f3800000, 0x0000000100000000)
  eden space 280064K, 99% used [0x00000000e0000000,0x00000000f1149118,0x00000000f1180000)
  from space 15360K, 99% used [0x00000000f2900000,0x00000000f37fd038,0x00000000f3800000)
  to   space 18432K, 0% used [0x00000000f1400000,0x00000000f1400000,0x00000000f2600000)
 ParOldGen       total 92160K, used 38537K [0x00000000a0000000, 0x00000000a5a00000, 0x00000000e0000000)
  object space 92160K, 41% used [0x00000000a0000000,0x00000000a25a2520,0x00000000a5a00000)
 Metaspace       used 69479K, capacity 72584K, committed 72664K, reserved 1112064K
  class space    used 9233K, capacity 9978K, committed 9984K, reserved 1048576K
Event: 379.186 GC heap after
Heap after GC invocations=20 (full 3):
 PSYoungGen      total 301056K, used 18410K [0x00000000e0000000, 0x00000000f7e80000, 0x0000000100000000)
  eden space 282624K, 0% used [0x00000000e0000000,0x00000000e0000000,0x00000000f1400000)
  from space 18432K, 99% used [0x00000000f1400000,0x00000000f25fa830,0x00000000f2600000)
  to   space 28160K, 0% used [0x00000000f6300000,0x00000000f6300000,0x00000000f7e80000)
 ParOldGen       total 92160K, used 56745K [0x00000000a0000000, 0x00000000a5a00000, 0x00000000e0000000)
  object space 92160K, 61% used [0x00000000a0000000,0x00000000a376a728,0x00000000a5a00000)
 Metaspace       used 69479K, capacity 72584K, committed 72664K, reserved 1112064K
  class space    used 9233K, capacity 9978K, committed 9984K, reserved 1048576K
}
Event: 1948.088 GC heap before
{Heap before GC invocations=21 (full 3):
 PSYoungGen      total 301056K, used 301028K [0x00000000e0000000, 0x00000000f7e80000, 0x0000000100000000)
  eden space 282624K, 99% used [0x00000000e0000000,0x00000000f13feab8,0x00000000f1400000)
  from space 18432K, 99% used [0x00000000f1400000,0x00000000f25fa830,0x00000000f2600000)
  to   space 28160K, 0% used [0x00000000f6300000,0x00000000f6300000,0x00000000f7e80000)
 ParOldGen       total 92160K, used 56745K [0x00000000a0000000, 0x00000000a5a00000, 0x00000000e0000000)
  object space 92160K, 61% used [0x00000000a0000000,0x00000000a376a728,0x00000000a5a00000)
 Metaspace       used 74805K, capacity 78120K, committed 78296K, reserved 1116160K
  class space    used 9864K, capacity 10644K, committed 10752K, reserved 1048576K
Event: 1948.263 GC heap after
Heap after GC invocations=21 (full 3):
 PSYoungGen      total 353280K, used 14630K [0x00000000e0000000, 0x00000000f7980000, 0x0000000100000000)
  eden space 330240K, 0% used [0x00000000e0000000,0x00000000e0000000,0x00000000f4280000)
  from space 23040K, 63% used [0x00000000f6300000,0x00000000f7149928,0x00000000f7980000)
  to   space 28160K, 0% used [0x00000000f4280000,0x00000000f4280000,0x00000000f5e00000)
 ParOldGen       total 92160K, used 71993K [0x00000000a0000000, 0x00000000a5a00000, 0x00000000e0000000)
  object space 92160K, 78% used [0x00000000a0000000,0x00000000a464e568,0x00000000a5a00000)
 Metaspace       used 74805K, capacity 78120K, committed 78296K, reserved 1116160K
  class space    used 9864K, capacity 10644K, committed 10752K, reserved 1048576K
}
Event: 2036.651 GC heap before
{Heap before GC invocations=22 (full 3):
 PSYoungGen      total 353280K, used 344870K [0x00000000e0000000, 0x00000000f7980000, 0x0000000100000000)
  eden space 330240K, 100% used [0x00000000e0000000,0x00000000f4280000,0x00000000f4280000)
  from space 23040K, 63% used [0x00000000f6300000,0x00000000f7149928,0x00000000f7980000)
  to   space 28160K, 0% used [0x00000000f4280000,0x00000000f4280000,0x00000000f5e00000)
 ParOldGen       total 92160K, used 71993K [0x00000000a0000000, 0x00000000a5a00000, 0x00000000e0000000)
  object space 92160K, 78% used [0x00000000a0000000,0x00000000a464e568,0x00000000a5a00000)
 Metaspace       used 77446K, capacity 80900K, committed 80984K, reserved 1120256K
  class space    used 10047K, capacity 10856K, committed 10880K, reserved 1048576K
Event: 2036.710 GC heap after
Heap after GC invocations=22 (full 3):
 PSYoungGen      total 334848K, used 18674K [0x00000000e0000000, 0x00000000f6d80000, 0x0000000100000000)
  eden space 315904K, 0% used [0x00000000e0000000,0x00000000e0000000,0x00000000f3480000)
  from space 18944K, 98% used [0x00000000f4280000,0x00000000f54bcb20,0x00000000f5500000)
  to   space 25088K, 0% used [0x00000000f5500000,0x00000000f5500000,0x00000000f6d80000)
 ParOldGen       total 92160K, used 72009K [0x00000000a0000000, 0x00000000a5a00000, 0x00000000e0000000)
  object space 92160K, 78% used [0x00000000a0000000,0x00000000a4652568,0x00000000a5a00000)
 Metaspace       used 77446K, capacity 80900K, committed 80984K, reserved 1120256K
  class space    used 10047K, capacity 10856K, committed 10880K, reserved 1048576K
}
Event: 2075.432 GC heap before
{Heap before GC invocations=23 (full 3):
 PSYoungGen      total 334848K, used 334578K [0x00000000e0000000, 0x00000000f6d80000, 0x0000000100000000)
  eden space 315904K, 100% used [0x00000000e0000000,0x00000000f3480000,0x00000000f3480000)
  from space 18944K, 98% used [0x00000000f4280000,0x00000000f54bcb20,0x00000000f5500000)
  to   space 25088K, 0% used [0x00000000f5500000,0x00000000f5500000,0x00000000f6d80000)
 ParOldGen       total 92160K, used 72009K [0x00000000a0000000, 0x00000000a5a00000, 0x00000000e0000000)
  object space 92160K, 78% used [0x00000000a0000000,0x00000000a4652568,0x00000000a5a00000)
 Metaspace       used 86274K, capacity 90900K, committed 91096K, reserved 1128448K
  class space    used 11186K, capacity 12184K, committed 12288K, reserved 1048576K
Event: 2075.593 GC heap after
Heap after GC invocations=23 (full 3):
 PSYoungGen      total 325632K, used 25071K [0x00000000e0000000, 0x00000000f8680000, 0x0000000100000000)
  eden space 300544K, 0% used [0x00000000e0000000,0x00000000e0000000,0x00000000f2580000)
  from space 25088K, 99% used [0x00000000f5500000,0x00000000f6d7bf98,0x00000000f6d80000)
  to   space 48640K, 0% used [0x00000000f2580000,0x00000000f2580000,0x00000000f5500000)
 ParOldGen       total 115200K, used 115074K [0x00000000a0000000, 0x00000000a7080000, 0x00000000e0000000)
  object space 115200K, 99% used [0x00000000a0000000,0x00000000a7060a78,0x00000000a7080000)
 Metaspace       used 86274K, capacity 90900K, committed 91096K, reserved 1128448K
  class space    used 11186K, capacity 12184K, committed 12288K, reserved 1048576K
}
Event: 2075.617 GC heap before
{Heap before GC invocations=24 (full 4):
 PSYoungGen      total 325632K, used 25071K [0x00000000e0000000, 0x00000000f8680000, 0x0000000100000000)
  eden space 300544K, 0% used [0x00000000e0000000,0x00000000e0000000,0x00000000f2580000)
  from space 25088K, 99% used [0x00000000f5500000,0x00000000f6d7bf98,0x00000000f6d80000)
  to   space 48640K, 0% used [0x00000000f2580000,0x00000000f2580000,0x00000000f5500000)
 ParOldGen       total 115200K, used 115074K [0x00000000a0000000, 0x00000000a7080000, 0x00000000e0000000)
  object space 115200K, 99% used [0x00000000a0000000,0x00000000a7060a78,0x00000000a7080000)
 Metaspace       used 86274K, capacity 90900K, committed 91096K, reserved 1128448K
  class space    used 11186K, capacity 12184K, committed 12288K, reserved 1048576K
Event: 2076.886 GC heap after
Heap after GC invocations=24 (full 4):
 PSYoungGen      total 325632K, used 0K [0x00000000e0000000, 0x00000000f8680000, 0x0000000100000000)
  eden space 300544K, 0% used [0x00000000e0000000,0x00000000e0000000,0x00000000f2580000)
  from space 25088K, 0% used [0x00000000f5500000,0x00000000f5500000,0x00000000f6d80000)
  to   space 48640K, 0% used [0x00000000f2580000,0x00000000f2580000,0x00000000f5500000)
 ParOldGen       total 196096K, used 103326K [0x00000000a0000000, 0x00000000abf80000, 0x00000000e0000000)
  object space 196096K, 52% used [0x00000000a0000000,0x00000000a64e7ab0,0x00000000abf80000)
 Metaspace       used 83925K, capacity 87176K, committed 91096K, reserved 1128448K
  class space    used 10672K, capacity 11412K, committed 12288K, reserved 1048576K
}

